<?xml version="1.0" encoding="UTF-8"?>
<coverage generated="1789165722231" clover="3.2.0">
  <project timestamp="1789165722232" name="All files">
    <metrics statements="100" coveredstatements="99" conditionals="62" coveredconditionals="52" methods="13" coveredmethods="13" elements="175" coveredelements="164" complexity="0" loc="100" ncloc="100" packages="4" files="6" classes="6"/>
    <package name="dist">
      <metrics statements="20" coveredstatements="19" conditionals="19" coveredconditionals="17" methods="2" coveredmethods="2"/>
      <file name="app.js" path="/home/fixing/Documents/programing/Prueba_Backend-JR_Biblioteca-Prestamos-Libros/dist/app.js">
        <metrics statements="17" coveredstatements="16" conditionals="4" coveredconditionals="3" methods="2" coveredmethods="2"/>
        <line num="8" count="1" type="stmt"/>
        <line num="9" count="1" type="stmt"/>
        <line num="10" count="1" type="stmt"/>
        <line num="11" count="1" type="stmt"/>
        <line num="12" count="1" type="stmt"/>
        <line num="13" count="1" type="cond" truecount="1" falsecount="1"/>
        <line num="14" count="0" type="stmt"/>
        <line num="16" count="1" type="stmt"/>
        <line num="22" count="1" type="stmt"/>
        <line num="23" count="1" type="stmt"/>
        <line num="24" count="1" type="stmt"/>
        <line num="25" count="2" type="stmt"/>
        <line num="27" count="1" type="stmt"/>
        <line num="28" count="17" type="cond" truecount="2" falsecount="0"/>
        <line num="29" count="16" type="stmt"/>
        <line num="31" count="1" type="stmt"/>
        <line num="32" count="1" type="stmt"/>
      </file>
      <file name="config_params.js" path="/home/fixing/Documents/programing/Prueba_Backend-JR_Biblioteca-Prestamos-Libros/dist/config_params.js">
        <metrics statements="3" coveredstatements="3" conditionals="15" coveredconditionals="14" methods="0" coveredmethods="0"/>
        <line num="2" count="1" type="stmt"/>
        <line num="3" count="1" type="stmt"/>
        <line num="4" count="1" type="stmt"/>
      </file>
    </package>
    <package name="dist.controllers">
      <metrics statements="56" coveredstatements="56" conditionals="34" coveredconditionals="27" methods="7" coveredmethods="7"/>
      <file name="books_libray_consult.js" path="/home/fixing/Documents/programing/Prueba_Backend-JR_Biblioteca-Prestamos-Libros/dist/controllers/books_libray_consult.js">
        <metrics statements="56" coveredstatements="56" conditionals="34" coveredconditionals="27" methods="7" coveredmethods="7"/>
        <line num="4" count="1" type="stmt"/>
        <line num="5" count="3" type="stmt"/>
        <line num="6" count="3" type="stmt"/>
        <line num="7" count="2" type="cond" truecount="3" falsecount="1"/>
        <line num="8" count="1" type="stmt"/>
        <line num="10" count="1" type="stmt"/>
        <line num="11" count="1" type="stmt"/>
        <line num="13" count="1" type="stmt"/>
        <line num="14" count="2" type="stmt"/>
        <line num="15" count="2" type="stmt"/>
        <line num="16" count="2" type="cond" truecount="3" falsecount="1"/>
        <line num="17" count="1" type="stmt"/>
        <line num="19" count="1" type="stmt"/>
        <line num="20" count="1" type="stmt"/>
        <line num="21" count="1" type="stmt"/>
        <line num="23" count="1" type="stmt"/>
        <line num="24" count="5" type="stmt"/>
        <line num="25" count="5" type="stmt"/>
        <line num="26" count="5" type="stmt"/>
        <line num="27" count="5" type="cond" truecount="3" falsecount="1"/>
        <line num="28" count="1" type="stmt"/>
        <line num="30" count="4" type="stmt"/>
        <line num="31" count="4" type="cond" truecount="3" falsecount="1"/>
        <line num="32" count="1" type="stmt"/>
        <line num="34" count="3" type="cond" truecount="2" falsecount="0"/>
        <line num="35" count="1" type="stmt"/>
        <line num="37" count="2" type="stmt"/>
        <line num="38" count="2" type="stmt"/>
        <line num="39" count="2" type="stmt"/>
        <line num="42" count="2" type="stmt"/>
        <line num="43" count="2" type="cond" truecount="2" falsecount="0"/>
        <line num="44" count="1" type="stmt"/>
        <line num="46" count="1" type="stmt"/>
        <line num="47" count="1" type="stmt"/>
        <line num="49" count="1" type="stmt"/>
        <line num="51" count="1" type="stmt"/>
        <line num="52" count="3" type="stmt"/>
        <line num="53" count="3" type="stmt"/>
        <line num="54" count="3" type="stmt"/>
        <line num="55" count="3" type="cond" truecount="3" falsecount="1"/>
        <line num="56" count="1" type="stmt"/>
        <line num="58" count="2" type="stmt"/>
        <line num="64" count="2" type="cond" truecount="3" falsecount="1"/>
        <line num="65" count="1" type="stmt"/>
        <line num="67" count="1" type="stmt"/>
        <line num="68" count="1" type="stmt"/>
        <line num="69" count="1" type="stmt"/>
        <line num="70" count="1" type="stmt"/>
        <line num="72" count="1" type="stmt"/>
        <line num="74" count="1" type="stmt"/>
        <line num="75" count="3" type="stmt"/>
        <line num="76" count="3" type="stmt"/>
        <line num="77" count="3" type="cond" truecount="3" falsecount="1"/>
        <line num="78" count="1" type="stmt"/>
        <line num="80" count="2" type="stmt"/>
        <line num="85" count="2" type="cond" truecount="2" falsecount="0"/>
      </file>
    </package>
    <package name="dist.routers">
      <metrics statements="6" coveredstatements="6" conditionals="0" coveredconditionals="0" methods="0" coveredmethods="0"/>
      <file name="books_all.js" path="/home/fixing/Documents/programing/Prueba_Backend-JR_Biblioteca-Prestamos-Libros/dist/routers/books_all.js">
        <metrics statements="6" coveredstatements="6" conditionals="0" coveredconditionals="0" methods="0" coveredmethods="0"/>
        <line num="4" count="1" type="stmt"/>
        <line num="5" count="1" type="stmt"/>
        <line num="6" count="1" type="stmt"/>
        <line num="7" count="1" type="stmt"/>
        <line num="8" count="1" type="stmt"/>
        <line num="9" count="1" type="stmt"/>
      </file>
    </package>
    <package name="dist.utils">
      <metrics statements="18" coveredstatements="18" conditionals="9" coveredconditionals="8" methods="4" coveredmethods="4"/>
      <file name="api_error.js" path="/home/fixing/Documents/programing/Prueba_Backend-JR_Biblioteca-Prestamos-Libros/dist/utils/api_error.js">
        <metrics statements="3" coveredstatements="3" conditionals="0" coveredconditionals="0" methods="1" coveredmethods="1"/>
        <line num="4" count="16" type="stmt"/>
        <line num="5" count="16" type="stmt"/>
        <line num="6" count="16" type="stmt"/>
      </file>
      <file name="validators.js" path="/home/fixing/Documents/programing/Prueba_Backend-JR_Biblioteca-Prestamos-Libros/dist/utils/validators.js">
        <metrics statements="15" coveredstatements="15" conditionals="9" coveredconditionals="8" methods="3" coveredmethods="3"/>
        <line num="4" count="1" type="stmt"/>
        <line num="11" count="1" type="stmt"/>
        <line num="20" count="1" type="stmt"/>
        <line num="24" count="1" type="stmt"/>
        <line num="29" count="1" type="stmt"/>
        <line num="30" count="7" type="stmt"/>
        <line num="31" count="7" type="cond" truecount="1" falsecount="1"/>
        <line num="33" count="5" type="cond" truecount="1" falsecount="0"/>
        <line num="34" count="23" type="cond" truecount="2" falsecount="0"/>
        <line num="37" count="23" type="cond" truecount="2" falsecount="0"/>
        <line num="38" count="7" type="stmt"/>
        <line num="40" count="16" type="cond" truecount="2" falsecount="0"/>
        <line num="41" count="3" type="stmt"/>
        <line num="44" count="13" type="stmt"/>
        <line num="46" count="16" type="stmt"/>
      </file>
    </package>
  </project>
</coverage>
