{"/home/fixing/Documents/programing/Prueba_Backend-JR_Biblioteca-Prestamos-Libros/dist/app.js": {"path":"/home/fixing/Documents/programing/Prueba_Backend-JR_Biblioteca-Prestamos-Libros/dist/app.js","statementMap":{"0":{"start":{"line":8,"column":12},"end":{"line":8,"column":21}},"1":{"start":{"line":9,"column":0},"end":{"line":9,"column":28}},"2":{"start":{"line":10,"column":0},"end":{"line":10,"column":18}},"3":{"start":{"line":11,"column":0},"end":{"line":11,"column":24}},"4":{"start":{"line":12,"column":0},"end":{"line":12,"column":48}},"5":{"start":{"line":13,"column":0},"end":{"line":15,"column":1}},"6":{"start":{"line":14,"column":4},"end":{"line":14,"column":27}},"7":{"start":{"line":16,"column":16},"end":{"line":21,"column":2}},"8":{"start":{"line":22,"column":0},"end":{"line":22,"column":17}},"9":{"start":{"line":23,"column":0},"end":{"line":23,"column":17}},"10":{"start":{"line":24,"column":0},"end":{"line":26,"column":3}},"11":{"start":{"line":25,"column":4},"end":{"line":25,"column":55}},"12":{"start":{"line":27,"column":0},"end":{"line":33,"column":3}},"13":{"start":{"line":28,"column":4},"end":{"line":30,"column":5}},"14":{"start":{"line":29,"column":8},"end":{"line":29,"column":71}},"15":{"start":{"line":31,"column":4},"end":{"line":31,"column":23}},"16":{"start":{"line":32,"column":4},"end":{"line":32,"column":61}}},"fnMap":{"0":{"name":"(anonymous_0)","decl":{"start":{"line":24,"column":8},"end":{"line":24,"column":9}},"loc":{"start":{"line":24,"column":23},"end":{"line":26,"column":1}},"line":24},"1":{"name":"(anonymous_1)","decl":{"start":{"line":27,"column":8},"end":{"line":27,"column":9}},"loc":{"start":{"line":27,"column":35},"end":{"line":33,"column":1}},"line":27}},"branchMap":{"0":{"loc":{"start":{"line":13,"column":0},"end":{"line":15,"column":1}},"type":"if","locations":[{"start":{"line":13,"column":0},"end":{"line":15,"column":1}},{"start":{},"end":{}}],"line":13},"1":{"loc":{"start":{"line":28,"column":4},"end":{"line":30,"column":5}},"type":"if","locations":[{"start":{"line":28,"column":4},"end":{"line":30,"column":5}},{"start":{},"end":{}}],"line":28}},"s":{"0":1,"1":1,"2":1,"3":1,"4":1,"5":1,"6":0,"7":1,"8":1,"9":1,"10":1,"11":2,"12":1,"13":17,"14":16,"15":1,"16":1},"f":{"0":2,"1":17},"b":{"0":[0,1],"1":[16,1]},"inputSourceMap":null,"_coverageSchema":"1a1c01bbd47fc00a2c39e90264f33305004495a9","hash":"094224f682a2c481b9515820021ba110a37c2f83"}
,"/home/fixing/Documents/programing/Prueba_Backend-JR_Biblioteca-Prestamos-Libros/dist/config_params.js": {"path":"/home/fixing/Documents/programing/Prueba_Backend-JR_Biblioteca-Prestamos-Libros/dist/config_params.js","statementMap":{"0":{"start":{"line":2,"column":0},"end":{"line":2,"column":16}},"1":{"start":{"line":3,"column":89},"end":{"line":3,"column":100}},"2":{"start":{"line":4,"column":28},"end":{"line":12,"column":1}}},"fnMap":{},"branchMap":{"0":{"loc":{"start":{"line":5,"column":14},"end":{"line":5,"column":39}},"type":"binary-expr","locations":[{"start":{"line":5,"column":14},"end":{"line":5,"column":22}},{"start":{"line":5,"column":26},"end":{"line":5,"column":39}}],"line":5},"1":{"loc":{"start":{"line":6,"column":10},"end":{"line":6,"column":37}},"type":"binary-expr","locations":[{"start":{"line":6,"column":10},"end":{"line":6,"column":21}},{"start":{"line":6,"column":25},"end":{"line":6,"column":29}},{"start":{"line":6,"column":33},"end":{"line":6,"column":37}}],"line":6},"2":{"loc":{"start":{"line":7,"column":13},"end":{"line":7,"column":35}},"type":"binary-expr","locations":[{"start":{"line":7,"column":13},"end":{"line":7,"column":20}},{"start":{"line":7,"column":24},"end":{"line":7,"column":35}}],"line":7},"3":{"loc":{"start":{"line":8,"column":13},"end":{"line":8,"column":36}},"type":"binary-expr","locations":[{"start":{"line":8,"column":13},"end":{"line":8,"column":28}},{"start":{"line":8,"column":32},"end":{"line":8,"column":36}}],"line":8},"4":{"loc":{"start":{"line":9,"column":13},"end":{"line":9,"column":34}},"type":"binary-expr","locations":[{"start":{"line":9,"column":13},"end":{"line":9,"column":20}},{"start":{"line":9,"column":24},"end":{"line":9,"column":34}}],"line":9},"5":{"loc":{"start":{"line":10,"column":17},"end":{"line":10,"column":42}},"type":"binary-expr","locations":[{"start":{"line":10,"column":17},"end":{"line":10,"column":28}},{"start":{"line":10,"column":32},"end":{"line":10,"column":42}}],"line":10},"6":{"loc":{"start":{"line":11,"column":13},"end":{"line":11,"column":34}},"type":"binary-expr","locations":[{"start":{"line":11,"column":13},"end":{"line":11,"column":20}},{"start":{"line":11,"column":24},"end":{"line":11,"column":34}}],"line":11}},"s":{"0":1,"1":1,"2":1},"f":{},"b":{"0":[1,0],"1":[1,1,1],"2":[1,1],"3":[1,1],"4":[1,1],"5":[1,1],"6":[1,1]},"inputSourceMap":null,"_coverageSchema":"1a1c01bbd47fc00a2c39e90264f33305004495a9","hash":"a8b600960cb921f57639dd23560c2ba113290045"}
,"/home/fixing/Documents/programing/Prueba_Backend-JR_Biblioteca-Prestamos-Libros/dist/controllers/books_libray_consult.js": {"path":"/home/fixing/Documents/programing/Prueba_Backend-JR_Biblioteca-Prestamos-Libros/dist/controllers/books_libray_consult.js","statementMap":{"0":{"start":{"line":4,"column":30},"end":{"line":12,"column":1}},"1":{"start":{"line":5,"column":47},"end":{"line":5,"column":55}},"2":{"start":{"line":6,"column":30},"end":{"line":6,"column":96}},"3":{"start":{"line":7,"column":4},"end":{"line":9,"column":5}},"4":{"start":{"line":8,"column":8},"end":{"line":8,"column":59}},"5":{"start":{"line":10,"column":4},"end":{"line":10,"column":130}},"6":{"start":{"line":11,"column":4},"end":{"line":11,"column":39}},"7":{"start":{"line":13,"column":30},"end":{"line":22,"column":1}},"8":{"start":{"line":14,"column":38},"end":{"line":14,"column":46}},"9":{"start":{"line":15,"column":31},"end":{"line":15,"column":111}},"10":{"start":{"line":16,"column":4},"end":{"line":18,"column":5}},"11":{"start":{"line":17,"column":8},"end":{"line":17,"column":59}},"12":{"start":{"line":19,"column":17},"end":{"line":19,"column":49}},"13":{"start":{"line":20,"column":4},"end":{"line":20,"column":118}},"14":{"start":{"line":21,"column":4},"end":{"line":21,"column":41}},"15":{"start":{"line":23,"column":31},"end":{"line":50,"column":1}},"16":{"start":{"line":24,"column":34},"end":{"line":24,"column":42}},"17":{"start":{"line":25,"column":4},"end":{"line":48,"column":7}},"18":{"start":{"line":26,"column":35},"end":{"line":26,"column":118}},"19":{"start":{"line":27,"column":8},"end":{"line":29,"column":9}},"20":{"start":{"line":28,"column":12},"end":{"line":28,"column":71}},"21":{"start":{"line":30,"column":28},"end":{"line":30,"column":117}},"22":{"start":{"line":31,"column":8},"end":{"line":33,"column":9}},"23":{"start":{"line":32,"column":12},"end":{"line":32,"column":54}},"24":{"start":{"line":34,"column":8},"end":{"line":36,"column":9}},"25":{"start":{"line":35,"column":12},"end":{"line":35,"column":69}},"26":{"start":{"line":37,"column":24},"end":{"line":37,"column":60}},"27":{"start":{"line":38,"column":24},"end":{"line":38,"column":53}},"28":{"start":{"line":39,"column":29},"end":{"line":41,"column":70}},"29":{"start":{"line":42,"column":31},"end":{"line":42,"column":68}},"30":{"start":{"line":43,"column":8},"end":{"line":45,"column":9}},"31":{"start":{"line":44,"column":12},"end":{"line":44,"column":73}},"32":{"start":{"line":46,"column":8},"end":{"line":46,"column":113}},"33":{"start":{"line":47,"column":8},"end":{"line":47,"column":108}},"34":{"start":{"line":49,"column":4},"end":{"line":49,"column":59}},"35":{"start":{"line":51,"column":27},"end":{"line":73,"column":1}},"36":{"start":{"line":52,"column":34},"end":{"line":52,"column":42}},"37":{"start":{"line":53,"column":4},"end":{"line":71,"column":7}},"38":{"start":{"line":54,"column":35},"end":{"line":54,"column":118}},"39":{"start":{"line":55,"column":8},"end":{"line":57,"column":9}},"40":{"start":{"line":56,"column":12},"end":{"line":56,"column":71}},"41":{"start":{"line":58,"column":35},"end":{"line":63,"column":53}},"42":{"start":{"line":64,"column":8},"end":{"line":66,"column":9}},"43":{"start":{"line":65,"column":12},"end":{"line":65,"column":74}},"44":{"start":{"line":67,"column":26},"end":{"line":67,"column":63}},"45":{"start":{"line":68,"column":24},"end":{"line":68,"column":60}},"46":{"start":{"line":69,"column":8},"end":{"line":69,"column":109}},"47":{"start":{"line":70,"column":8},"end":{"line":70,"column":109}},"48":{"start":{"line":72,"column":4},"end":{"line":72,"column":63}},"49":{"start":{"line":74,"column":32},"end":{"line":86,"column":1}},"50":{"start":{"line":75,"column":22},"end":{"line":75,"column":45}},"51":{"start":{"line":76,"column":31},"end":{"line":76,"column":114}},"52":{"start":{"line":77,"column":4},"end":{"line":79,"column":5}},"53":{"start":{"line":78,"column":8},"end":{"line":78,"column":67}},"54":{"start":{"line":80,"column":39},"end":{"line":84,"column":73}},"55":{"start":{"line":85,"column":4},"end":{"line":85,"column":65}}},"fnMap":{"0":{"name":"(anonymous_0)","decl":{"start":{"line":4,"column":30},"end":{"line":4,"column":31}},"loc":{"start":{"line":4,"column":50},"end":{"line":12,"column":1}},"line":4},"1":{"name":"(anonymous_1)","decl":{"start":{"line":13,"column":30},"end":{"line":13,"column":31}},"loc":{"start":{"line":13,"column":50},"end":{"line":22,"column":1}},"line":13},"2":{"name":"(anonymous_2)","decl":{"start":{"line":23,"column":31},"end":{"line":23,"column":32}},"loc":{"start":{"line":23,"column":51},"end":{"line":50,"column":1}},"line":23},"3":{"name":"(anonymous_3)","decl":{"start":{"line":25,"column":22},"end":{"line":25,"column":23}},"loc":{"start":{"line":25,"column":40},"end":{"line":48,"column":5}},"line":25},"4":{"name":"(anonymous_4)","decl":{"start":{"line":51,"column":27},"end":{"line":51,"column":28}},"loc":{"start":{"line":51,"column":47},"end":{"line":73,"column":1}},"line":51},"5":{"name":"(anonymous_5)","decl":{"start":{"line":53,"column":22},"end":{"line":53,"column":23}},"loc":{"start":{"line":53,"column":40},"end":{"line":71,"column":5}},"line":53},"6":{"name":"(anonymous_6)","decl":{"start":{"line":74,"column":32},"end":{"line":74,"column":33}},"loc":{"start":{"line":74,"column":52},"end":{"line":86,"column":1}},"line":74}},"branchMap":{"0":{"loc":{"start":{"line":7,"column":4},"end":{"line":9,"column":5}},"type":"if","locations":[{"start":{"line":7,"column":4},"end":{"line":9,"column":5}},{"start":{},"end":{}}],"line":7},"1":{"loc":{"start":{"line":7,"column":9},"end":{"line":7,"column":41}},"type":"binary-expr","locations":[{"start":{"line":7,"column":9},"end":{"line":7,"column":36}},{"start":{"line":7,"column":40},"end":{"line":7,"column":41}}],"line":7},"2":{"loc":{"start":{"line":16,"column":4},"end":{"line":18,"column":5}},"type":"if","locations":[{"start":{"line":16,"column":4},"end":{"line":18,"column":5}},{"start":{},"end":{}}],"line":16},"3":{"loc":{"start":{"line":16,"column":9},"end":{"line":16,"column":42}},"type":"binary-expr","locations":[{"start":{"line":16,"column":9},"end":{"line":16,"column":37}},{"start":{"line":16,"column":41},"end":{"line":16,"column":42}}],"line":16},"4":{"loc":{"start":{"line":27,"column":8},"end":{"line":29,"column":9}},"type":"if","locations":[{"start":{"line":27,"column":8},"end":{"line":29,"column":9}},{"start":{},"end":{}}],"line":27},"5":{"loc":{"start":{"line":27,"column":13},"end":{"line":27,"column":46}},"type":"binary-expr","locations":[{"start":{"line":27,"column":13},"end":{"line":27,"column":41}},{"start":{"line":27,"column":45},"end":{"line":27,"column":46}}],"line":27},"6":{"loc":{"start":{"line":31,"column":8},"end":{"line":33,"column":9}},"type":"if","locations":[{"start":{"line":31,"column":8},"end":{"line":33,"column":9}},{"start":{},"end":{}}],"line":31},"7":{"loc":{"start":{"line":31,"column":13},"end":{"line":31,"column":39}},"type":"binary-expr","locations":[{"start":{"line":31,"column":13},"end":{"line":31,"column":34}},{"start":{"line":31,"column":38},"end":{"line":31,"column":39}}],"line":31},"8":{"loc":{"start":{"line":34,"column":8},"end":{"line":36,"column":9}},"type":"if","locations":[{"start":{"line":34,"column":8},"end":{"line":36,"column":9}},{"start":{},"end":{}}],"line":34},"9":{"loc":{"start":{"line":43,"column":8},"end":{"line":45,"column":9}},"type":"if","locations":[{"start":{"line":43,"column":8},"end":{"line":45,"column":9}},{"start":{},"end":{}}],"line":43},"10":{"loc":{"start":{"line":55,"column":8},"end":{"line":57,"column":9}},"type":"if","locations":[{"start":{"line":55,"column":8},"end":{"line":57,"column":9}},{"start":{},"end":{}}],"line":55},"11":{"loc":{"start":{"line":55,"column":13},"end":{"line":55,"column":46}},"type":"binary-expr","locations":[{"start":{"line":55,"column":13},"end":{"line":55,"column":41}},{"start":{"line":55,"column":45},"end":{"line":55,"column":46}}],"line":55},"12":{"loc":{"start":{"line":64,"column":8},"end":{"line":66,"column":9}},"type":"if","locations":[{"start":{"line":64,"column":8},"end":{"line":66,"column":9}},{"start":{},"end":{}}],"line":64},"13":{"loc":{"start":{"line":64,"column":13},"end":{"line":64,"column":46}},"type":"binary-expr","locations":[{"start":{"line":64,"column":13},"end":{"line":64,"column":41}},{"start":{"line":64,"column":45},"end":{"line":64,"column":46}}],"line":64},"14":{"loc":{"start":{"line":77,"column":4},"end":{"line":79,"column":5}},"type":"if","locations":[{"start":{"line":77,"column":4},"end":{"line":79,"column":5}},{"start":{},"end":{}}],"line":77},"15":{"loc":{"start":{"line":77,"column":9},"end":{"line":77,"column":42}},"type":"binary-expr","locations":[{"start":{"line":77,"column":9},"end":{"line":77,"column":37}},{"start":{"line":77,"column":41},"end":{"line":77,"column":42}}],"line":77},"16":{"loc":{"start":{"line":85,"column":25},"end":{"line":85,"column":63}},"type":"binary-expr","locations":[{"start":{"line":85,"column":25},"end":{"line":85,"column":57}},{"start":{"line":85,"column":61},"end":{"line":85,"column":63}}],"line":85}},"s":{"0":1,"1":3,"2":3,"3":2,"4":1,"5":1,"6":1,"7":1,"8":2,"9":2,"10":2,"11":1,"12":1,"13":1,"14":1,"15":1,"16":5,"17":5,"18":5,"19":5,"20":1,"21":4,"22":4,"23":1,"24":3,"25":1,"26":2,"27":2,"28":2,"29":2,"30":2,"31":1,"32":1,"33":1,"34":1,"35":1,"36":3,"37":3,"38":3,"39":3,"40":1,"41":2,"42":2,"43":1,"44":1,"45":1,"46":1,"47":1,"48":1,"49":1,"50":3,"51":3,"52":3,"53":1,"54":2,"55":2},"f":{"0":3,"1":2,"2":5,"3":5,"4":3,"5":3,"6":3},"b":{"0":[1,1],"1":[2,0],"2":[1,1],"3":[2,0],"4":[1,4],"5":[5,0],"6":[1,3],"7":[4,0],"8":[1,2],"9":[1,1],"10":[1,2],"11":[3,0],"12":[1,1],"13":[2,0],"14":[1,2],"15":[3,0],"16":[2,1]},"inputSourceMap":null,"_coverageSchema":"1a1c01bbd47fc00a2c39e90264f33305004495a9","hash":"35e8a978858ed4a37c822d63fbc259f55e09f4fa"}
,"/home/fixing/Documents/programing/Prueba_Backend-JR_Biblioteca-Prestamos-Libros/dist/routers/books_all.js": {"path":"/home/fixing/Documents/programing/Prueba_Backend-JR_Biblioteca-Prestamos-Libros/dist/routers/books_all.js","statementMap":{"0":{"start":{"line":4,"column":15},"end":{"line":4,"column":23}},"1":{"start":{"line":5,"column":0},"end":{"line":5,"column":60}},"2":{"start":{"line":6,"column":0},"end":{"line":6,"column":59}},"3":{"start":{"line":7,"column":0},"end":{"line":7,"column":64}},"4":{"start":{"line":8,"column":0},"end":{"line":8,"column":60}},"5":{"start":{"line":9,"column":0},"end":{"line":9,"column":88}}},"fnMap":{},"branchMap":{},"s":{"0":1,"1":1,"2":1,"3":1,"4":1,"5":1},"f":{},"b":{},"inputSourceMap":null,"_coverageSchema":"1a1c01bbd47fc00a2c39e90264f33305004495a9","hash":"17345314ae884fb7e37a63b5d94535e7944b7ef7"}
,"/home/fixing/Documents/programing/Prueba_Backend-JR_Biblioteca-Prestamos-Libros/dist/utils/api_error.js": {"path":"/home/fixing/Documents/programing/Prueba_Backend-JR_Biblioteca-Prestamos-Libros/dist/utils/api_error.js","statementMap":{"0":{"start":{"line":4,"column":8},"end":{"line":4,"column":23}},"1":{"start":{"line":5,"column":8},"end":{"line":5,"column":37}},"2":{"start":{"line":6,"column":8},"end":{"line":6,"column":31}}},"fnMap":{"0":{"name":"(anonymous_0)","decl":{"start":{"line":3,"column":4},"end":{"line":3,"column":5}},"loc":{"start":{"line":3,"column":37},"end":{"line":7,"column":5}},"line":3}},"branchMap":{},"s":{"0":16,"1":16,"2":16},"f":{"0":16},"b":{},"inputSourceMap":null,"_coverageSchema":"1a1c01bbd47fc00a2c39e90264f33305004495a9","hash":"26fa9ec7b5c71041917fd556446cdaed483750e3"}
,"/home/fixing/Documents/programing/Prueba_Backend-JR_Biblioteca-Prestamos-Libros/dist/utils/validators.js": {"path":"/home/fixing/Documents/programing/Prueba_Backend-JR_Biblioteca-Prestamos-Libros/dist/utils/validators.js","statementMap":{"0":{"start":{"line":4,"column":26},"end":{"line":10,"column":2}},"1":{"start":{"line":11,"column":26},"end":{"line":19,"column":2}},"2":{"start":{"line":20,"column":28},"end":{"line":23,"column":2}},"3":{"start":{"line":24,"column":33},"end":{"line":28,"column":2}},"4":{"start":{"line":29,"column":21},"end":{"line":32,"column":1}},"5":{"start":{"line":30,"column":20},"end":{"line":30,"column":26}},"6":{"start":{"line":31,"column":4},"end":{"line":31,"column":68}},"7":{"start":{"line":33,"column":24},"end":{"line":47,"column":1}},"8":{"start":{"line":33,"column":53},"end":{"line":47,"column":1}},"9":{"start":{"line":34,"column":19},"end":{"line":36,"column":36}},"10":{"start":{"line":37,"column":4},"end":{"line":39,"column":5}},"11":{"start":{"line":38,"column":8},"end":{"line":38,"column":74}},"12":{"start":{"line":40,"column":4},"end":{"line":45,"column":5}},"13":{"start":{"line":41,"column":8},"end":{"line":41,"column":47}},"14":{"start":{"line":44,"column":8},"end":{"line":44,"column":31}},"15":{"start":{"line":46,"column":4},"end":{"line":46,"column":11}}},"fnMap":{"0":{"name":"(anonymous_0)","decl":{"start":{"line":29,"column":21},"end":{"line":29,"column":22}},"loc":{"start":{"line":29,"column":33},"end":{"line":32,"column":1}},"line":29},"1":{"name":"(anonymous_1)","decl":{"start":{"line":33,"column":24},"end":{"line":33,"column":25}},"loc":{"start":{"line":33,"column":53},"end":{"line":47,"column":1}},"line":33},"2":{"name":"(anonymous_2)","decl":{"start":{"line":33,"column":53},"end":{"line":33,"column":54}},"loc":{"start":{"line":33,"column":74},"end":{"line":47,"column":1}},"line":33}},"branchMap":{"0":{"loc":{"start":{"line":31,"column":14},"end":{"line":31,"column":47}},"type":"binary-expr","locations":[{"start":{"line":31,"column":14},"end":{"line":31,"column":34}},{"start":{"line":31,"column":38},"end":{"line":31,"column":47}}],"line":31},"1":{"loc":{"start":{"line":33,"column":33},"end":{"line":33,"column":48}},"type":"default-arg","locations":[{"start":{"line":33,"column":42},"end":{"line":33,"column":48}}],"line":33},"2":{"loc":{"start":{"line":34,"column":19},"end":{"line":36,"column":36}},"type":"cond-expr","locations":[{"start":{"line":35,"column":10},"end":{"line":35,"column":38}},{"start":{"line":36,"column":10},"end":{"line":36,"column":36}}],"line":34},"3":{"loc":{"start":{"line":37,"column":4},"end":{"line":39,"column":5}},"type":"if","locations":[{"start":{"line":37,"column":4},"end":{"line":39,"column":5}},{"start":{},"end":{}}],"line":37},"4":{"loc":{"start":{"line":40,"column":4},"end":{"line":45,"column":5}},"type":"if","locations":[{"start":{"line":40,"column":4},"end":{"line":45,"column":5}},{"start":{"line":43,"column":9},"end":{"line":45,"column":5}}],"line":40}},"s":{"0":1,"1":1,"2":1,"3":1,"4":1,"5":7,"6":7,"7":1,"8":5,"9":23,"10":23,"11":7,"12":16,"13":3,"14":13,"15":16},"f":{"0":7,"1":5,"2":23},"b":{"0":[7,0],"1":[4],"2":[4,19],"3":[7,16],"4":[3,13]},"inputSourceMap":null,"_coverageSchema":"1a1c01bbd47fc00a2c39e90264f33305004495a9","hash":"4650e4eaf4203fe773b9c0dc9fead9b4c427be8d"}
}
