TN:
SF:dist/app.js
FN:24,(anonymous_0)
FN:27,(anonymous_1)
FNF:2
FNH:2
FNDA:2,(anonymous_0)
FNDA:17,(anonymous_1)
DA:8,1
DA:9,1
DA:10,1
DA:11,1
DA:12,1
DA:13,1
DA:14,0
DA:16,1
DA:22,1
DA:23,1
DA:24,1
DA:25,2
DA:27,1
DA:28,17
DA:29,16
DA:31,1
DA:32,1
LF:17
LH:16
BRDA:13,0,0,0
BRDA:13,0,1,1
BRDA:28,1,0,16
BRDA:28,1,1,1
BRF:4
BRH:3
end_of_record
TN:
SF:dist/config_params.js
FNF:0
FNH:0
DA:2,1
DA:3,1
DA:4,1
LF:3
LH:3
BRDA:5,0,0,1
BRDA:5,0,1,0
BRDA:6,1,0,1
BRDA:6,1,1,1
BRDA:6,1,2,1
BRDA:7,2,0,1
BRDA:7,2,1,1
BRDA:8,3,0,1
BRDA:8,3,1,1
BRDA:9,4,0,1
BRDA:9,4,1,1
BRDA:10,5,0,1
BRDA:10,5,1,1
BRDA:11,6,0,1
BRDA:11,6,1,1
BRF:15
BRH:14
end_of_record
TN:
SF:dist/controllers/books_libray_consult.js
FN:4,(anonymous_0)
FN:13,(anonymous_1)
FN:23,(anonymous_2)
FN:25,(anonymous_3)
FN:51,(anonymous_4)
FN:53,(anonymous_5)
FN:74,(anonymous_6)
FNF:7
FNH:7
FNDA:3,(anonymous_0)
FNDA:2,(anonymous_1)
FNDA:5,(anonymous_2)
FNDA:5,(anonymous_3)
FNDA:3,(anonymous_4)
FNDA:3,(anonymous_5)
FNDA:3,(anonymous_6)
DA:4,1
DA:5,3
DA:6,3
DA:7,2
DA:8,1
DA:10,1
DA:11,1
DA:13,1
DA:14,2
DA:15,2
DA:16,2
DA:17,1
DA:19,1
DA:20,1
DA:21,1
DA:23,1
DA:24,5
DA:25,5
DA:26,5
DA:27,5
DA:28,1
DA:30,4
DA:31,4
DA:32,1
DA:34,3
DA:35,1
DA:37,2
DA:38,2
DA:39,2
DA:42,2
DA:43,2
DA:44,1
DA:46,1
DA:47,1
DA:49,1
DA:51,1
DA:52,3
DA:53,3
DA:54,3
DA:55,3
DA:56,1
DA:58,2
DA:64,2
DA:65,1
DA:67,1
DA:68,1
DA:69,1
DA:70,1
DA:72,1
DA:74,1
DA:75,3
DA:76,3
DA:77,3
DA:78,1
DA:80,2
DA:85,2
LF:56
LH:56
BRDA:7,0,0,1
BRDA:7,0,1,1
BRDA:7,1,0,2
BRDA:7,1,1,0
BRDA:16,2,0,1
BRDA:16,2,1,1
BRDA:16,3,0,2
BRDA:16,3,1,0
BRDA:27,4,0,1
BRDA:27,4,1,4
BRDA:27,5,0,5
BRDA:27,5,1,0
BRDA:31,6,0,1
BRDA:31,6,1,3
BRDA:31,7,0,4
BRDA:31,7,1,0
BRDA:34,8,0,1
BRDA:34,8,1,2
BRDA:43,9,0,1
BRDA:43,9,1,1
BRDA:55,10,0,1
BRDA:55,10,1,2
BRDA:55,11,0,3
BRDA:55,11,1,0
BRDA:64,12,0,1
BRDA:64,12,1,1
BRDA:64,13,0,2
BRDA:64,13,1,0
BRDA:77,14,0,1
BRDA:77,14,1,2
BRDA:77,15,0,3
BRDA:77,15,1,0
BRDA:85,16,0,2
BRDA:85,16,1,1
BRF:34
BRH:27
end_of_record
TN:
SF:dist/routers/books_all.js
FNF:0
FNH:0
DA:4,1
DA:5,1
DA:6,1
DA:7,1
DA:8,1
DA:9,1
LF:6
LH:6
BRF:0
BRH:0
end_of_record
TN:
SF:dist/utils/api_error.js
FN:3,(anonymous_0)
FNF:1
FNH:1
FNDA:16,(anonymous_0)
DA:4,16
DA:5,16
DA:6,16
LF:3
LH:3
BRF:0
BRH:0
end_of_record
TN:
SF:dist/utils/validators.js
FN:29,(anonymous_0)
FN:33,(anonymous_1)
FN:33,(anonymous_2)
FNF:3
FNH:3
FNDA:7,(anonymous_0)
FNDA:5,(anonymous_1)
FNDA:23,(anonymous_2)
DA:4,1
DA:11,1
DA:20,1
DA:24,1
DA:29,1
DA:30,7
DA:31,7
DA:33,5
DA:34,23
DA:37,23
DA:38,7
DA:40,16
DA:41,3
DA:44,13
DA:46,16
LF:15
LH:15
BRDA:31,0,0,7
BRDA:31,0,1,0
BRDA:33,1,0,4
BRDA:34,2,0,4
BRDA:34,2,1,19
BRDA:37,3,0,7
BRDA:37,3,1,16
BRDA:40,4,0,3
BRDA:40,4,1,13
BRF:9
BRH:8
end_of_record
